[2020-10-11 20:15:12.323] [exthost] [info] extension host started
[2020-10-11 20:15:12.689] [exthost] [info] ExtensionService#_doActivateExtension vscode.emmet {"startup":false,"extensionId":{"value":"vscode.emmet","_lower":"vscode.emmet"},"activationEvent":"onLanguage:html"}
[2020-10-11 20:15:12.700] [exthost] [info] ExtensionService#loadCommonJSModule file:///home/joseve/.vscode-server/bin/93c2f0fbf16c5a4b10e4d5f89737d9c2c25488a3/extensions/emmet/dist/node/emmetNodeMain
[2020-10-11 20:15:12.919] [exthost] [info] ExtensionService#_doActivateExtension vscode.html-language-features {"startup":false,"extensionId":{"value":"vscode.html-language-features","_lower":"vscode.html-language-features"},"activationEvent":"onLanguage:html"}
[2020-10-11 20:15:12.920] [exthost] [info] ExtensionService#loadCommonJSModule file:///home/joseve/.vscode-server/bin/93c2f0fbf16c5a4b10e4d5f89737d9c2c25488a3/extensions/html-language-features/client/dist/node/htmlClientMain
[2020-10-11 20:15:13.160] [exthost] [info] ExtensionService#_doActivateExtension ms-vscode.js-debug {"startup":false,"extensionId":{"value":"ms-vscode.js-debug","_lower":"ms-vscode.js-debug"},"activationEvent":"onDebugDynamicConfigurations"}
[2020-10-11 20:15:13.161] [exthost] [info] ExtensionService#loadCommonJSModule file:///home/joseve/.vscode-server/bin/93c2f0fbf16c5a4b10e4d5f89737d9c2c25488a3/extensions/ms-vscode.js-debug/src/extension.js
[2020-10-11 20:15:15.460] [exthost] [info] ExtensionService#_doActivateExtension vscode.debug-auto-launch {"startup":true,"extensionId":{"value":"vscode.debug-auto-launch","_lower":"vscode.debug-auto-launch"},"activationEvent":"*"}
[2020-10-11 20:15:15.461] [exthost] [info] ExtensionService#loadCommonJSModule file:///home/joseve/.vscode-server/bin/93c2f0fbf16c5a4b10e4d5f89737d9c2c25488a3/extensions/debug-auto-launch/dist/extension
[2020-10-11 20:15:15.489] [exthost] [info] ExtensionService#_doActivateExtension vscode.git {"startup":true,"extensionId":{"value":"vscode.github","_lower":"vscode.github"},"activationEvent":"*"}
[2020-10-11 20:15:15.489] [exthost] [info] ExtensionService#loadCommonJSModule file:///home/joseve/.vscode-server/bin/93c2f0fbf16c5a4b10e4d5f89737d9c2c25488a3/extensions/git/dist/main
[2020-10-11 20:15:16.009] [exthost] [info] ExtensionService#_doActivateExtension vscode.merge-conflict {"startup":true,"extensionId":{"value":"vscode.merge-conflict","_lower":"vscode.merge-conflict"},"activationEvent":"*"}
[2020-10-11 20:15:16.010] [exthost] [info] ExtensionService#loadCommonJSModule file:///home/joseve/.vscode-server/bin/93c2f0fbf16c5a4b10e4d5f89737d9c2c25488a3/extensions/merge-conflict/dist/mergeConflictMain
[2020-10-11 20:15:16.030] [exthost] [info] ExtensionService#_doActivateExtension vscode.search-result {"startup":true,"extensionId":{"value":"vscode.search-result","_lower":"vscode.search-result"},"activationEvent":"*"}
[2020-10-11 20:15:16.030] [exthost] [info] ExtensionService#loadCommonJSModule file:///home/joseve/.vscode-server/bin/93c2f0fbf16c5a4b10e4d5f89737d9c2c25488a3/extensions/search-result/dist/extension.js
[2020-10-11 20:15:17.745] [exthost] [info] ExtensionService#_doActivateExtension vscode.github {"startup":true,"extensionId":{"value":"vscode.github","_lower":"vscode.github"},"activationEvent":"*"}
[2020-10-11 20:15:17.746] [exthost] [info] ExtensionService#loadCommonJSModule file:///home/joseve/.vscode-server/bin/93c2f0fbf16c5a4b10e4d5f89737d9c2c25488a3/extensions/github/dist/extension.js
[2020-10-11 20:15:18.892] [exthost] [info] ExtensionService#_doActivateExtension vscode.configuration-editing {"startup":false,"extensionId":{"value":"vscode.configuration-editing","_lower":"vscode.configuration-editing"},"activationEvent":"onLanguage:json"}
[2020-10-11 20:15:18.892] [exthost] [info] ExtensionService#loadCommonJSModule file:///home/joseve/.vscode-server/bin/93c2f0fbf16c5a4b10e4d5f89737d9c2c25488a3/extensions/configuration-editing/dist/configurationEditingMain
[2020-10-11 20:15:18.960] [exthost] [info] ExtensionService#_doActivateExtension vscode.extension-editing {"startup":false,"extensionId":{"value":"vscode.extension-editing","_lower":"vscode.extension-editing"},"activationEvent":"onLanguage:json"}
[2020-10-11 20:15:18.960] [exthost] [info] ExtensionService#loadCommonJSModule file:///home/joseve/.vscode-server/bin/93c2f0fbf16c5a4b10e4d5f89737d9c2c25488a3/extensions/extension-editing/dist/extensionEditingMain
[2020-10-11 20:15:19.169] [exthost] [info] ExtensionService#_doActivateExtension vscode.json-language-features {"startup":false,"extensionId":{"value":"vscode.json-language-features","_lower":"vscode.json-language-features"},"activationEvent":"onLanguage:json"}
[2020-10-11 20:15:19.170] [exthost] [info] ExtensionService#loadCommonJSModule file:///home/joseve/.vscode-server/bin/93c2f0fbf16c5a4b10e4d5f89737d9c2c25488a3/extensions/json-language-features/client/dist/node/jsonClientMain
[2020-10-11 20:15:19.524] [exthost] [info] ExtensionService#_doActivateExtension vscode.npm {"startup":false,"extensionId":{"value":"vscode.npm","_lower":"vscode.npm"},"activationEvent":"onLanguage:json"}
[2020-10-11 20:15:19.524] [exthost] [info] ExtensionService#loadCommonJSModule file:///home/joseve/.vscode-server/bin/93c2f0fbf16c5a4b10e4d5f89737d9c2c25488a3/extensions/npm/dist/npmMain
[2020-10-11 20:15:19.621] [exthost] [info] eager extensions activated
