[2020-10-11 21:32:26.098] [exthost] [info] extension host started
[2020-10-11 21:32:27.808] [exthost] [info] ExtensionService#_doActivateExtension ms-vscode.js-debug {"startup":false,"extensionId":{"value":"ms-vscode.js-debug","_lower":"ms-vscode.js-debug"},"activationEvent":"onDebugDynamicConfigurations"}
[2020-10-11 21:32:27.809] [exthost] [info] ExtensionService#loadCommonJSModule file:///home/joseve/.vscode-server/bin/93c2f0fbf16c5a4b10e4d5f89737d9c2c25488a3/extensions/ms-vscode.js-debug/src/extension.js
[2020-10-11 21:32:29.192] [exthost] [info] ExtensionService#_doActivateExtension vscode.debug-auto-launch {"startup":true,"extensionId":{"value":"vscode.debug-auto-launch","_lower":"vscode.debug-auto-launch"},"activationEvent":"*"}
[2020-10-11 21:32:29.192] [exthost] [info] ExtensionService#loadCommonJSModule file:///home/joseve/.vscode-server/bin/93c2f0fbf16c5a4b10e4d5f89737d9c2c25488a3/extensions/debug-auto-launch/dist/extension
[2020-10-11 21:32:29.201] [exthost] [info] ExtensionService#_doActivateExtension vscode.emmet {"startup":true,"extensionId":{"value":"vscode.emmet","_lower":"vscode.emmet"},"activationEvent":"*"}
[2020-10-11 21:32:29.201] [exthost] [info] ExtensionService#loadCommonJSModule file:///home/joseve/.vscode-server/bin/93c2f0fbf16c5a4b10e4d5f89737d9c2c25488a3/extensions/emmet/dist/node/emmetNodeMain
[2020-10-11 21:32:29.330] [exthost] [info] ExtensionService#_doActivateExtension vscode.git {"startup":true,"extensionId":{"value":"vscode.github","_lower":"vscode.github"},"activationEvent":"*"}
[2020-10-11 21:32:29.330] [exthost] [info] ExtensionService#loadCommonJSModule file:///home/joseve/.vscode-server/bin/93c2f0fbf16c5a4b10e4d5f89737d9c2c25488a3/extensions/git/dist/main
[2020-10-11 21:32:29.577] [exthost] [info] ExtensionService#_doActivateExtension vscode.merge-conflict {"startup":true,"extensionId":{"value":"vscode.merge-conflict","_lower":"vscode.merge-conflict"},"activationEvent":"*"}
[2020-10-11 21:32:29.578] [exthost] [info] ExtensionService#loadCommonJSModule file:///home/joseve/.vscode-server/bin/93c2f0fbf16c5a4b10e4d5f89737d9c2c25488a3/extensions/merge-conflict/dist/mergeConflictMain
[2020-10-11 21:32:29.591] [exthost] [info] ExtensionService#_doActivateExtension vscode.search-result {"startup":true,"extensionId":{"value":"vscode.search-result","_lower":"vscode.search-result"},"activationEvent":"*"}
[2020-10-11 21:32:29.591] [exthost] [info] ExtensionService#loadCommonJSModule file:///home/joseve/.vscode-server/bin/93c2f0fbf16c5a4b10e4d5f89737d9c2c25488a3/extensions/search-result/dist/extension.js
[2020-10-11 21:32:29.595] [exthost] [info] ExtensionService#_doActivateExtension christian-kohler.path-intellisense {"startup":true,"extensionId":{"value":"christian-kohler.path-intellisense","_lower":"christian-kohler.path-intellisense"},"activationEvent":"*"}
[2020-10-11 21:32:29.595] [exthost] [info] ExtensionService#loadCommonJSModule file:///home/joseve/.vscode-server/extensions/christian-kohler.path-intellisense-2.3.0/out/extension.js
[2020-10-11 21:32:29.624] [exthost] [info] ExtensionService#_doActivateExtension naumovs.color-highlight {"startup":true,"extensionId":{"value":"naumovs.color-highlight","_lower":"naumovs.color-highlight"},"activationEvent":"*"}
[2020-10-11 21:32:29.625] [exthost] [info] ExtensionService#loadCommonJSModule file:///home/joseve/.vscode-server/extensions/naumovs.color-highlight-2.3.0/dist/extension
[2020-10-11 21:32:29.676] [exthost] [info] ExtensionService#_doActivateExtension ritwickdey.LiveServer {"startup":true,"extensionId":{"value":"ritwickdey.LiveServer","_lower":"ritwickdey.liveserver"},"activationEvent":"*"}
[2020-10-11 21:32:29.676] [exthost] [info] ExtensionService#loadCommonJSModule file:///home/joseve/.vscode-server/extensions/ritwickdey.liveserver-5.6.1/out/src/extension
[2020-10-11 21:32:31.949] [exthost] [info] ExtensionService#_doActivateExtension vscode.github {"startup":true,"extensionId":{"value":"vscode.github","_lower":"vscode.github"},"activationEvent":"*"}
[2020-10-11 21:32:31.950] [exthost] [info] ExtensionService#loadCommonJSModule file:///home/joseve/.vscode-server/bin/93c2f0fbf16c5a4b10e4d5f89737d9c2c25488a3/extensions/github/dist/extension.js
[2020-10-11 21:32:32.129] [exthost] [info] ExtensionService#_doActivateExtension esbenp.prettier-vscode {"startup":false,"extensionId":{"value":"esbenp.prettier-vscode","_lower":"esbenp.prettier-vscode"},"activationEvent":"onStartupFinished"}
[2020-10-11 21:32:32.129] [exthost] [info] ExtensionService#loadCommonJSModule file:///home/joseve/.vscode-server/extensions/esbenp.prettier-vscode-5.7.1/dist/extension
[2020-10-11 21:32:32.412] [exthost] [info] eager extensions activated
[2020-10-11 21:33:02.481] [exthost] [info] ExtensionService#_doActivateExtension vscode.typescript-language-features {"startup":false,"extensionId":{"value":"vscode.typescript-language-features","_lower":"vscode.typescript-language-features"},"activationEvent":"onLanguage:javascript"}
[2020-10-11 21:33:02.481] [exthost] [info] ExtensionService#loadCommonJSModule file:///home/joseve/.vscode-server/bin/93c2f0fbf16c5a4b10e4d5f89737d9c2c25488a3/extensions/typescript-language-features/dist/extension
