[2020-10-11 20:15:44.572] [exthost] [info] extension host started
[2020-10-11 20:15:45.206] [exthost] [info] ExtensionService#_doActivateExtension vscode.emmet {"startup":false,"extensionId":{"value":"vscode.emmet","_lower":"vscode.emmet"},"activationEvent":"onLanguage:html"}
[2020-10-11 20:15:45.207] [exthost] [info] ExtensionService#loadCommonJSModule file:///home/joseve/.vscode-server/bin/93c2f0fbf16c5a4b10e4d5f89737d9c2c25488a3/extensions/emmet/dist/node/emmetNodeMain
[2020-10-11 20:15:45.427] [exthost] [info] ExtensionService#_doActivateExtension vscode.html-language-features {"startup":false,"extensionId":{"value":"vscode.html-language-features","_lower":"vscode.html-language-features"},"activationEvent":"onLanguage:html"}
[2020-10-11 20:15:45.428] [exthost] [info] ExtensionService#loadCommonJSModule file:///home/joseve/.vscode-server/bin/93c2f0fbf16c5a4b10e4d5f89737d9c2c25488a3/extensions/html-language-features/client/dist/node/htmlClientMain
[2020-10-11 20:15:45.666] [exthost] [info] ExtensionService#_doActivateExtension ms-vscode.js-debug {"startup":false,"extensionId":{"value":"ms-vscode.js-debug","_lower":"ms-vscode.js-debug"},"activationEvent":"onDebugDynamicConfigurations"}
[2020-10-11 20:15:45.666] [exthost] [info] ExtensionService#loadCommonJSModule file:///home/joseve/.vscode-server/bin/93c2f0fbf16c5a4b10e4d5f89737d9c2c25488a3/extensions/ms-vscode.js-debug/src/extension.js
[2020-10-11 20:15:47.753] [exthost] [info] ExtensionService#_doActivateExtension vscode.debug-auto-launch {"startup":true,"extensionId":{"value":"vscode.debug-auto-launch","_lower":"vscode.debug-auto-launch"},"activationEvent":"*"}
[2020-10-11 20:15:47.753] [exthost] [info] ExtensionService#loadCommonJSModule file:///home/joseve/.vscode-server/bin/93c2f0fbf16c5a4b10e4d5f89737d9c2c25488a3/extensions/debug-auto-launch/dist/extension
[2020-10-11 20:15:47.771] [exthost] [info] ExtensionService#_doActivateExtension vscode.git {"startup":true,"extensionId":{"value":"vscode.github","_lower":"vscode.github"},"activationEvent":"*"}
[2020-10-11 20:15:47.771] [exthost] [info] ExtensionService#loadCommonJSModule file:///home/joseve/.vscode-server/bin/93c2f0fbf16c5a4b10e4d5f89737d9c2c25488a3/extensions/git/dist/main
[2020-10-11 20:15:48.425] [exthost] [info] ExtensionService#_doActivateExtension vscode.merge-conflict {"startup":true,"extensionId":{"value":"vscode.merge-conflict","_lower":"vscode.merge-conflict"},"activationEvent":"*"}
[2020-10-11 20:15:48.426] [exthost] [info] ExtensionService#loadCommonJSModule file:///home/joseve/.vscode-server/bin/93c2f0fbf16c5a4b10e4d5f89737d9c2c25488a3/extensions/merge-conflict/dist/mergeConflictMain
[2020-10-11 20:15:48.459] [exthost] [info] ExtensionService#_doActivateExtension vscode.search-result {"startup":true,"extensionId":{"value":"vscode.search-result","_lower":"vscode.search-result"},"activationEvent":"*"}
[2020-10-11 20:15:48.459] [exthost] [info] ExtensionService#loadCommonJSModule file:///home/joseve/.vscode-server/bin/93c2f0fbf16c5a4b10e4d5f89737d9c2c25488a3/extensions/search-result/dist/extension.js
[2020-10-11 20:15:50.452] [exthost] [info] ExtensionService#_doActivateExtension vscode.github {"startup":true,"extensionId":{"value":"vscode.github","_lower":"vscode.github"},"activationEvent":"*"}
[2020-10-11 20:15:50.453] [exthost] [info] ExtensionService#loadCommonJSModule file:///home/joseve/.vscode-server/bin/93c2f0fbf16c5a4b10e4d5f89737d9c2c25488a3/extensions/github/dist/extension.js
[2020-10-11 20:15:51.706] [exthost] [info] eager extensions activated
[2020-10-11 20:16:25.813] [exthost] [info] ExtensionService#_doActivateExtension vscode.configuration-editing {"startup":false,"extensionId":{"value":"vscode.configuration-editing","_lower":"vscode.configuration-editing"},"activationEvent":"onLanguage:json"}
[2020-10-11 20:16:25.815] [exthost] [info] ExtensionService#loadCommonJSModule file:///home/joseve/.vscode-server/bin/93c2f0fbf16c5a4b10e4d5f89737d9c2c25488a3/extensions/configuration-editing/dist/configurationEditingMain
[2020-10-11 20:16:25.836] [exthost] [info] ExtensionService#_doActivateExtension vscode.extension-editing {"startup":false,"extensionId":{"value":"vscode.extension-editing","_lower":"vscode.extension-editing"},"activationEvent":"onLanguage:json"}
[2020-10-11 20:16:25.836] [exthost] [info] ExtensionService#loadCommonJSModule file:///home/joseve/.vscode-server/bin/93c2f0fbf16c5a4b10e4d5f89737d9c2c25488a3/extensions/extension-editing/dist/extensionEditingMain
[2020-10-11 20:16:25.876] [exthost] [info] ExtensionService#_doActivateExtension vscode.json-language-features {"startup":false,"extensionId":{"value":"vscode.json-language-features","_lower":"vscode.json-language-features"},"activationEvent":"onLanguage:json"}
[2020-10-11 20:16:25.885] [exthost] [info] ExtensionService#loadCommonJSModule file:///home/joseve/.vscode-server/bin/93c2f0fbf16c5a4b10e4d5f89737d9c2c25488a3/extensions/json-language-features/client/dist/node/jsonClientMain
[2020-10-11 20:16:26.132] [exthost] [info] ExtensionService#_doActivateExtension vscode.npm {"startup":false,"extensionId":{"value":"vscode.npm","_lower":"vscode.npm"},"activationEvent":"onLanguage:json"}
[2020-10-11 20:16:26.132] [exthost] [info] ExtensionService#loadCommonJSModule file:///home/joseve/.vscode-server/bin/93c2f0fbf16c5a4b10e4d5f89737d9c2c25488a3/extensions/npm/dist/npmMain
[2020-10-11 20:16:31.956] [exthost] [info] ExtensionService#_doActivateExtension esbenp.prettier-vscode {"startup":false,"extensionId":{"value":"esbenp.prettier-vscode","_lower":"esbenp.prettier-vscode"},"activationEvent":"onStartupFinished"}
[2020-10-11 20:16:31.956] [exthost] [info] ExtensionService#loadCommonJSModule file:///home/joseve/.vscode-server/extensions/esbenp.prettier-vscode-5.7.1/dist/extension
[2020-10-11 20:17:42.259] [exthost] [info] ExtensionService#_doActivateExtension ritwickdey.LiveServer {"startup":false,"extensionId":{"value":"ritwickdey.LiveServer","_lower":"ritwickdey.liveserver"},"activationEvent":"*"}
[2020-10-11 20:17:42.260] [exthost] [info] ExtensionService#loadCommonJSModule file:///home/joseve/.vscode-server/extensions/ritwickdey.liveserver-5.6.1/out/src/extension
[2020-10-11 20:17:56.662] [exthost] [info] ExtensionService#_doActivateExtension naumovs.color-highlight {"startup":false,"extensionId":{"value":"naumovs.color-highlight","_lower":"naumovs.color-highlight"},"activationEvent":"*"}
[2020-10-11 20:17:56.663] [exthost] [info] ExtensionService#loadCommonJSModule file:///home/joseve/.vscode-server/extensions/naumovs.color-highlight-2.3.0/dist/extension
[2020-10-11 20:18:13.860] [exthost] [info] ExtensionService#_doActivateExtension vscode.typescript-language-features {"startup":false,"extensionId":{"value":"vscode.typescript-language-features","_lower":"vscode.typescript-language-features"},"activationEvent":"onLanguage:javascript"}
[2020-10-11 20:18:13.861] [exthost] [info] ExtensionService#loadCommonJSModule file:///home/joseve/.vscode-server/bin/93c2f0fbf16c5a4b10e4d5f89737d9c2c25488a3/extensions/typescript-language-features/dist/extension
[2020-10-11 20:18:18.403] [exthost] [info] ExtensionService#_doActivateExtension christian-kohler.path-intellisense {"startup":false,"extensionId":{"value":"christian-kohler.path-intellisense","_lower":"christian-kohler.path-intellisense"},"activationEvent":"*"}
[2020-10-11 20:18:18.404] [exthost] [info] ExtensionService#loadCommonJSModule file:///home/joseve/.vscode-server/extensions/christian-kohler.path-intellisense-2.3.0/out/extension.js
